<?xml version="1.0" encoding="UTF-8"?>
<!-- Generated by org.testng.reporters.JUnitReportReporter -->
<testsuite hostname="NOTEBOOK-ANDREI" failures="0" tests="16" name="by.epam.jwdshape.parser.ConeParserTest" time="0.391" errors="0" timestamp="2021-11-25T23:27:59 MSK" skipped="0">
  <testcase classname="by.epam.jwdshape.parser.ConeParserTest" name="testIncorrectLine" time="0.001"/>
  <system-out/>
  <testcase classname="by.epam.jwdshape.parser.ConeParserTest" name="testNullSourceList" time="0.000"/>
  <system-out/>
  <testcase classname="by.epam.jwdshape.parser.ConeParserTest" name="testCorrectLine" time="0.001"/>
  <system-out/>
  <testcase classname="by.epam.jwdshape.parser.ConeParserTest" name="testIncorrectLine" time="0.000"/>
  <system-out/>
  <testcase classname="by.epam.jwdshape.parser.ConeParserTest" name="testCorrectLine" time="0.000"/>
  <system-out/>
  <testcase classname="by.epam.jwdshape.parser.ConeParserTest" name="testCorrectLine" time="0.001"/>
  <system-out/>
  <testcase classname="by.epam.jwdshape.parser.ConeParserTest" name="testCorrectLine" time="0.000"/>
  <system-out/>
  <testcase classname="by.epam.jwdshape.parser.ConeParserTest" name="testListLines" time="0.005"/>
  <system-out/>
  <testcase classname="by.epam.jwdshape.parser.ConeParserTest" name="testNullSourceLine" time="0.000"/>
  <system-out/>
  <testcase classname="by.epam.jwdshape.parser.ConeParserTest" name="testIncorrectLine" time="0.000"/>
  <system-out/>
  <testcase classname="by.epam.jwdshape.parser.ConeParserTest" name="testIncorrectLine" time="0.000"/>
  <system-out/>
  <testcase classname="by.epam.jwdshape.parser.ConeParserTest" name="testEmptySourceList" time="0.003"/>
  <system-out/>
  <testcase classname="by.epam.jwdshape.parser.ConeParserTest" name="testBlankSourceLine" time="0.370"/>
  <system-out/>
  <testcase classname="by.epam.jwdshape.parser.ConeParserTest" name="testCorrectLine" time="0.005"/>
  <system-out/>
  <testcase classname="by.epam.jwdshape.parser.ConeParserTest" name="testIncorrectLine" time="0.005"/>
  <system-out/>
  <testcase classname="by.epam.jwdshape.parser.ConeParserTest" name="testIncorrectLine" time="0.000"/>
  <system-out/>
</testsuite> <!-- by.epam.jwdshape.parser.ConeParserTest -->
