<?xml version="1.0" encoding="UTF-8"?>
<!-- Generated by org.testng.reporters.JUnitReportReporter -->
<testsuite hostname="NOTEBOOK-ANDREI" failures="0" tests="4" name="by.epam.jwdshape.reader.ConeFileReaderTest" time="0.061" errors="0" timestamp="2021-11-25T15:08:04 MSK" skipped="0">
  <testcase classname="by.epam.jwdshape.reader.ConeFileReaderTest" name="testBlankPathSource" time="0.030"/>
  <system-out/>
  <testcase classname="by.epam.jwdshape.reader.ConeFileReaderTest" name="testNullPathSourse" time="0.002"/>
  <system-out/>
  <testcase classname="by.epam.jwdshape.reader.ConeFileReaderTest" name="testReadDataFromFile" time="0.023"/>
  <system-out/>
  <testcase classname="by.epam.jwdshape.reader.ConeFileReaderTest" name="testWrongPathSource" time="0.006"/>
  <system-out/>
</testsuite> <!-- by.epam.jwdshape.reader.ConeFileReaderTest -->
